<?xml version="1.0" encoding="UTF-8"?>
<!-- Generated by org.testng.reporters.JUnitReportReporter -->
<testsuite hostname="Sulakhe-Family5" failures="0" tests="1" name="wikipediaApplTest.SearchFunctionality" time="3.264" errors="0" timestamp="14 Aug 2024 13:42:29 GMT" skipped="0">
  <testcase classname="wikipediaApplTest.SearchFunctionality" name="searchFunctionalities" time="3.264"/>
</testsuite> <!-- wikipediaApplTest.SearchFunctionality -->
